<?xml version="1.0" encoding="UTF-8"?>
<coverage generated="1745666142988" clover="3.2.0">
  <project timestamp="1745666142988" name="All files">
    <metrics statements="27" coveredstatements="27" conditionals="10" coveredconditionals="10" methods="10" coveredmethods="10" elements="47" coveredelements="47" complexity="0" loc="27" ncloc="27" packages="1" files="1" classes="1"/>
    <file name="MusicAlbumList.jsx" path="D:\Rasmitha\Microfrontends-crash-course\music-library-mf-arch\mf-core-app\src\components\MusicAlbumList.jsx">
      <metrics statements="27" coveredstatements="27" conditionals="10" coveredconditionals="10" methods="10" coveredmethods="10"/>
      <line num="4" count="1" type="stmt"/>
      <line num="9" count="1" type="stmt"/>
      <line num="10" count="5" type="stmt"/>
      <line num="14" count="5" type="stmt"/>
      <line num="15" count="5" type="cond" truecount="2" falsecount="0"/>
      <line num="19" count="1" type="stmt"/>
      <line num="21" count="1" type="stmt"/>
      <line num="22" count="10" type="stmt"/>
      <line num="24" count="10" type="stmt"/>
      <line num="25" count="5" type="stmt"/>
      <line num="26" count="5" type="cond" truecount="2" falsecount="0"/>
      <line num="27" count="3" type="stmt"/>
      <line num="29" count="2" type="stmt"/>
      <line num="33" count="10" type="stmt"/>
      <line num="34" count="1" type="stmt"/>
      <line num="37" count="10" type="stmt"/>
      <line num="44" count="46" type="stmt"/>
      <line num="47" count="1" type="stmt"/>
      <line num="48" count="46" type="stmt"/>
      <line num="49" count="46" type="stmt"/>
      <line num="51" count="46" type="stmt"/>
      <line num="52" count="5" type="stmt"/>
      <line num="53" count="5" type="stmt"/>
      <line num="56" count="46" type="stmt"/>
      <line num="66" count="35" type="stmt"/>
      <line num="94" count="1" type="stmt"/>
      <line num="95" count="6" type="stmt"/>
    </file>
  </project>
</coverage>
