{"D:\\Rasmitha\\Microfrontends-crash-course\\music-library-mf-arch\\mf-core-app\\src\\components\\MusicAlbumList.jsx": {"path":"D:\\Rasmitha\\Microfrontends-crash-course\\music-library-mf-arch\\mf-core-app\\src\\components\\MusicAlbumList.jsx","statementMap":{"0":{"start":{"line":4,"column":17},"end":{"line":4,"column":60}},"1":{"start":{"line":4,"column":28},"end":{"line":4,"column":59}},"2":{"start":{"line":9,"column":18},"end":{"line":16,"column":1}},"3":{"start":{"line":10,"column":16},"end":{"line":13,"column":3}},"4":{"start":{"line":14,"column":14},"end":{"line":14,"column":43}},"5":{"start":{"line":15,"column":2},"end":{"line":15,"column":50}},"6":{"start":{"line":19,"column":20},"end":{"line":19,"column":35}},"7":{"start":{"line":21,"column":21},"end":{"line":42,"column":1}},"8":{"start":{"line":22,"column":26},"end":{"line":22,"column":40}},"9":{"start":{"line":24,"column":16},"end":{"line":31,"column":3}},"10":{"start":{"line":25,"column":19},"end":{"line":25,"column":38}},"11":{"start":{"line":26,"column":4},"end":{"line":30,"column":5}},"12":{"start":{"line":27,"column":6},"end":{"line":27,"column":27}},"13":{"start":{"line":29,"column":6},"end":{"line":29,"column":29}},"14":{"start":{"line":33,"column":17},"end":{"line":35,"column":3}},"15":{"start":{"line":34,"column":4},"end":{"line":34,"column":18}},"16":{"start":{"line":37,"column":2},"end":{"line":41,"column":4}},"17":{"start":{"line":44,"column":16},"end":{"line":44,"column":45}},"18":{"start":{"line":44,"column":22},"end":{"line":44,"column":45}},"19":{"start":{"line":47,"column":30},"end":{"line":91,"column":1}},"20":{"start":{"line":48,"column":34},"end":{"line":48,"column":43}},"21":{"start":{"line":49,"column":34},"end":{"line":49,"column":46}},"22":{"start":{"line":51,"column":22},"end":{"line":54,"column":3}},"23":{"start":{"line":52,"column":4},"end":{"line":52,"column":20}},"24":{"start":{"line":53,"column":4},"end":{"line":53,"column":20}},"25":{"start":{"line":56,"column":2},"end":{"line":90,"column":4}},"26":{"start":{"line":66,"column":29},"end":{"line":66,"column":56}},"27":{"start":{"line":94,"column":23},"end":{"line":98,"column":1}},"28":{"start":{"line":95,"column":2},"end":{"line":97,"column":17}}},"fnMap":{"0":{"name":"(anonymous_0)","decl":{"start":{"line":4,"column":22},"end":{"line":4,"column":23}},"loc":{"start":{"line":4,"column":28},"end":{"line":4,"column":59}},"line":4},"1":{"name":"(anonymous_1)","decl":{"start":{"line":9,"column":18},"end":{"line":9,"column":19}},"loc":{"start":{"line":9,"column":32},"end":{"line":16,"column":1}},"line":9},"2":{"name":"(anonymous_2)","decl":{"start":{"line":21,"column":21},"end":{"line":21,"column":22}},"loc":{"start":{"line":21,"column":39},"end":{"line":42,"column":1}},"line":21},"3":{"name":"(anonymous_3)","decl":{"start":{"line":24,"column":16},"end":{"line":24,"column":17}},"loc":{"start":{"line":24,"column":30},"end":{"line":31,"column":3}},"line":24},"4":{"name":"(anonymous_4)","decl":{"start":{"line":33,"column":17},"end":{"line":33,"column":18}},"loc":{"start":{"line":33,"column":23},"end":{"line":35,"column":3}},"line":33},"5":{"name":"(anonymous_5)","decl":{"start":{"line":44,"column":16},"end":{"line":44,"column":17}},"loc":{"start":{"line":44,"column":22},"end":{"line":44,"column":45}},"line":44},"6":{"name":"(anonymous_6)","decl":{"start":{"line":47,"column":30},"end":{"line":47,"column":31}},"loc":{"start":{"line":47,"column":36},"end":{"line":91,"column":1}},"line":47},"7":{"name":"(anonymous_7)","decl":{"start":{"line":51,"column":22},"end":{"line":51,"column":23}},"loc":{"start":{"line":51,"column":28},"end":{"line":54,"column":3}},"line":51},"8":{"name":"(anonymous_8)","decl":{"start":{"line":66,"column":22},"end":{"line":66,"column":23}},"loc":{"start":{"line":66,"column":29},"end":{"line":66,"column":56}},"line":66},"9":{"name":"(anonymous_9)","decl":{"start":{"line":94,"column":23},"end":{"line":94,"column":24}},"loc":{"start":{"line":95,"column":2},"end":{"line":97,"column":17}},"line":95}},"branchMap":{"0":{"loc":{"start":{"line":15,"column":9},"end":{"line":15,"column":49}},"type":"cond-expr","locations":[{"start":{"line":15,"column":22},"end":{"line":15,"column":42}},{"start":{"line":15,"column":45},"end":{"line":15,"column":49}}],"line":15},"1":{"loc":{"start":{"line":26,"column":4},"end":{"line":30,"column":5}},"type":"if","locations":[{"start":{"line":26,"column":4},"end":{"line":30,"column":5}},{"start":{"line":28,"column":11},"end":{"line":30,"column":5}}],"line":26},"2":{"loc":{"start":{"line":58,"column":11},"end":{"line":58,"column":39}},"type":"cond-expr","locations":[{"start":{"line":58,"column":18},"end":{"line":58,"column":29}},{"start":{"line":58,"column":32},"end":{"line":58,"column":39}}],"line":58},"3":{"loc":{"start":{"line":59,"column":30},"end":{"line":59,"column":63}},"type":"cond-expr","locations":[{"start":{"line":59,"column":37},"end":{"line":59,"column":48}},{"start":{"line":59,"column":51},"end":{"line":59,"column":63}}],"line":59},"4":{"loc":{"start":{"line":61,"column":7},"end":{"line":88,"column":7}},"type":"cond-expr","locations":[{"start":{"line":62,"column":8},"end":{"line":73,"column":14}},{"start":{"line":75,"column":8},"end":{"line":87,"column":14}}],"line":61}},"s":{"0":1,"1":1,"2":1,"3":5,"4":5,"5":5,"6":1,"7":1,"8":10,"9":10,"10":5,"11":5,"12":3,"13":2,"14":10,"15":1,"16":10,"17":1,"18":46,"19":1,"20":46,"21":46,"22":46,"23":5,"24":5,"25":46,"26":35,"27":1,"28":6},"f":{"0":1,"1":5,"2":10,"3":5,"4":1,"5":46,"6":46,"7":5,"8":35,"9":6},"b":{"0":[3,2],"1":[3,2],"2":[3,43],"3":[3,43],"4":[43,3]},"_coverageSchema":"1a1c01bbd47fc00a2c39e90264f33305004495a9","hash":"67fea8e3cbac62c45bcb5b77eeb48235873115ab"}
}
