TN:
SF:src\components\MusicAlbumList.jsx
FN:4,(anonymous_0)
FN:9,(anonymous_1)
FN:21,(anonymous_2)
FN:24,(anonymous_3)
FN:33,(anonymous_4)
FN:44,(anonymous_5)
FN:47,(anonymous_6)
FN:51,(anonymous_7)
FN:66,(anonymous_8)
FN:94,(anonymous_9)
FNF:10
FNH:10
FNDA:1,(anonymous_0)
FNDA:5,(anonymous_1)
FNDA:10,(anonymous_2)
FNDA:5,(anonymous_3)
FNDA:1,(anonymous_4)
FNDA:46,(anonymous_5)
FNDA:46,(anonymous_6)
FNDA:5,(anonymous_7)
FNDA:35,(anonymous_8)
FNDA:6,(anonymous_9)
DA:4,1
DA:9,1
DA:10,5
DA:14,5
DA:15,5
DA:19,1
DA:21,1
DA:22,10
DA:24,10
DA:25,5
DA:26,5
DA:27,3
DA:29,2
DA:33,10
DA:34,1
DA:37,10
DA:44,46
DA:47,1
DA:48,46
DA:49,46
DA:51,46
DA:52,5
DA:53,5
DA:56,46
DA:66,35
DA:94,1
DA:95,6
LF:27
LH:27
BRDA:15,0,0,3
BRDA:15,0,1,2
BRDA:26,1,0,3
BRDA:26,1,1,2
BRDA:58,2,0,3
BRDA:58,2,1,43
BRDA:59,3,0,3
BRDA:59,3,1,43
BRDA:61,4,0,43
BRDA:61,4,1,3
BRF:10
BRH:10
end_of_record
