<?xml version="1.0" encoding="UTF-8"?>
<coverage generated="1745666200913" clover="3.2.0">
  <project timestamp="1745666200914" name="All files">
    <metrics statements="66" coveredstatements="62" conditionals="29" coveredconditionals="25" methods="31" coveredmethods="27" elements="126" coveredelements="114" complexity="0" loc="66" ncloc="66" packages="2" files="5" classes="5"/>
    <package name="components">
      <metrics statements="58" coveredstatements="55" conditionals="24" coveredconditionals="21" methods="25" coveredmethods="23"/>
      <file name="AddSongForm.jsx" path="D:\Rasmitha\Microfrontends-crash-course\music-library-mf-arch\mf-remote-app\src\components\AddSongForm.jsx">
        <metrics statements="16" coveredstatements="13" conditionals="7" coveredconditionals="6" methods="6" coveredmethods="5"/>
        <line num="3" count="1" type="stmt"/>
        <line num="4" count="5" type="stmt"/>
        <line num="5" count="5" type="stmt"/>
        <line num="6" count="5" type="stmt"/>
        <line num="7" count="5" type="stmt"/>
        <line num="9" count="5" type="stmt"/>
        <line num="10" count="1" type="cond" truecount="4" falsecount="1"/>
        <line num="11" count="0" type="stmt"/>
        <line num="12" count="0" type="stmt"/>
        <line num="15" count="1" type="stmt"/>
        <line num="23" count="1" type="stmt"/>
        <line num="26" count="5" type="stmt"/>
        <line num="29" count="1" type="stmt"/>
        <line num="30" count="1" type="stmt"/>
        <line num="31" count="1" type="stmt"/>
        <line num="32" count="0" type="stmt"/>
      </file>
      <file name="DeleteSongModal.jsx" path="D:\Rasmitha\Microfrontends-crash-course\music-library-mf-arch\mf-remote-app\src\components\DeleteSongModal.jsx">
        <metrics statements="11" coveredstatements="11" conditionals="2" coveredconditionals="1" methods="7" coveredmethods="6"/>
        <line num="4" count="1" type="stmt"/>
        <line num="5" count="4" type="stmt"/>
        <line num="7" count="4" type="stmt"/>
        <line num="8" count="2" type="stmt"/>
        <line num="9" count="2" type="cond" truecount="1" falsecount="1"/>
        <line num="13" count="4" type="stmt"/>
        <line num="14" count="1" type="stmt"/>
        <line num="15" count="1" type="stmt"/>
        <line num="18" count="4" type="stmt"/>
        <line num="24" count="8" type="stmt"/>
        <line num="29" count="2" type="stmt"/>
      </file>
      <file name="MusicLibrary.jsx" path="D:\Rasmitha\Microfrontends-crash-course\music-library-mf-arch\mf-remote-app\src\components\MusicLibrary.jsx">
        <metrics statements="28" coveredstatements="28" conditionals="15" coveredconditionals="14" methods="10" coveredmethods="10"/>
        <line num="13" count="1" type="cond" truecount="1" falsecount="0"/>
        <line num="14" count="30" type="stmt"/>
        <line num="15" count="30" type="stmt"/>
        <line num="16" count="30" type="stmt"/>
        <line num="18" count="30" type="stmt"/>
        <line num="19" count="30" type="stmt"/>
        <line num="20" count="30" type="stmt"/>
        <line num="21" count="30" type="stmt"/>
        <line num="23" count="30" type="stmt"/>
        <line num="24" count="20" type="stmt"/>
        <line num="25" count="20" type="cond" truecount="2" falsecount="0"/>
        <line num="26" count="20" type="cond" truecount="1" falsecount="1"/>
        <line num="27" count="20" type="stmt"/>
        <line num="30" count="30" type="stmt"/>
        <line num="31" count="24" type="cond" truecount="2" falsecount="0"/>
        <line num="32" count="4" type="stmt"/>
        <line num="35" count="30" type="stmt"/>
        <line num="36" count="2" type="stmt"/>
        <line num="39" count="30" type="stmt"/>
        <line num="40" count="2" type="stmt"/>
        <line num="43" count="30" type="stmt"/>
        <line num="44" count="2" type="stmt"/>
        <line num="45" count="1" type="stmt"/>
        <line num="48" count="30" type="stmt"/>
        <line num="59" count="2" type="stmt"/>
        <line num="73" count="1" type="stmt"/>
        <line num="74" count="1" type="stmt"/>
        <line num="86" count="2" type="stmt"/>
      </file>
      <file name="SongFilter.jsx" path="D:\Rasmitha\Microfrontends-crash-course\music-library-mf-arch\mf-remote-app\src\components\SongFilter.jsx">
        <metrics statements="3" coveredstatements="3" conditionals="0" coveredconditionals="0" methods="2" coveredmethods="2"/>
        <line num="3" count="1" type="stmt"/>
        <line num="4" count="30" type="stmt"/>
        <line num="9" count="4" type="stmt"/>
      </file>
    </package>
    <package name="utils">
      <metrics statements="8" coveredstatements="7" conditionals="5" coveredconditionals="4" methods="6" coveredmethods="4"/>
      <file name="songUtils.js" path="D:\Rasmitha\Microfrontends-crash-course\music-library-mf-arch\mf-remote-app\src\utils\songUtils.js">
        <metrics statements="8" coveredstatements="7" conditionals="5" coveredconditionals="4" methods="6" coveredmethods="4"/>
        <line num="3" count="4" type="stmt"/>
        <line num="4" count="8" type="cond" truecount="3" falsecount="0"/>
        <line num="11" count="0" type="stmt"/>
        <line num="15" count="4" type="stmt"/>
        <line num="16" count="8" type="stmt"/>
        <line num="17" count="8" type="cond" truecount="1" falsecount="1"/>
        <line num="18" count="8" type="stmt"/>
        <line num="19" count="8" type="stmt"/>
      </file>
    </package>
  </project>
</coverage>
