{"D:\\Rasmitha\\Microfrontends-crash-course\\music-library-mf-arch\\mf-remote-app\\src\\components\\AddSongForm.jsx": {"path":"D:\\Rasmitha\\Microfrontends-crash-course\\music-library-mf-arch\\mf-remote-app\\src\\components\\AddSongForm.jsx","statementMap":{"0":{"start":{"line":3,"column":20},"end":{"line":40,"column":1}},"1":{"start":{"line":4,"column":28},"end":{"line":4,"column":40}},"2":{"start":{"line":5,"column":30},"end":{"line":5,"column":42}},"3":{"start":{"line":6,"column":28},"end":{"line":6,"column":40}},"4":{"start":{"line":7,"column":28},"end":{"line":7,"column":40}},"5":{"start":{"line":9,"column":20},"end":{"line":24,"column":3}},"6":{"start":{"line":10,"column":4},"end":{"line":13,"column":5}},"7":{"start":{"line":11,"column":6},"end":{"line":11,"column":41}},"8":{"start":{"line":12,"column":6},"end":{"line":12,"column":13}},"9":{"start":{"line":15,"column":20},"end":{"line":21,"column":5}},"10":{"start":{"line":23,"column":4},"end":{"line":23,"column":23}},"11":{"start":{"line":26,"column":2},"end":{"line":39,"column":4}},"12":{"start":{"line":29,"column":62},"end":{"line":29,"column":86}},"13":{"start":{"line":30,"column":64},"end":{"line":30,"column":89}},"14":{"start":{"line":31,"column":62},"end":{"line":31,"column":86}},"15":{"start":{"line":32,"column":66},"end":{"line":32,"column":90}}},"fnMap":{"0":{"name":"(anonymous_0)","decl":{"start":{"line":3,"column":20},"end":{"line":3,"column":21}},"loc":{"start":{"line":3,"column":51},"end":{"line":40,"column":1}},"line":3},"1":{"name":"(anonymous_1)","decl":{"start":{"line":9,"column":20},"end":{"line":9,"column":21}},"loc":{"start":{"line":9,"column":26},"end":{"line":24,"column":3}},"line":9},"2":{"name":"(anonymous_2)","decl":{"start":{"line":29,"column":57},"end":{"line":29,"column":58}},"loc":{"start":{"line":29,"column":62},"end":{"line":29,"column":86}},"line":29},"3":{"name":"(anonymous_3)","decl":{"start":{"line":30,"column":59},"end":{"line":30,"column":60}},"loc":{"start":{"line":30,"column":64},"end":{"line":30,"column":89}},"line":30},"4":{"name":"(anonymous_4)","decl":{"start":{"line":31,"column":57},"end":{"line":31,"column":58}},"loc":{"start":{"line":31,"column":62},"end":{"line":31,"column":86}},"line":31},"5":{"name":"(anonymous_5)","decl":{"start":{"line":32,"column":61},"end":{"line":32,"column":62}},"loc":{"start":{"line":32,"column":66},"end":{"line":32,"column":90}},"line":32}},"branchMap":{"0":{"loc":{"start":{"line":10,"column":4},"end":{"line":13,"column":5}},"type":"if","locations":[{"start":{"line":10,"column":4},"end":{"line":13,"column":5}},{"start":{},"end":{}}],"line":10},"1":{"loc":{"start":{"line":10,"column":8},"end":{"line":10,"column":35}},"type":"binary-expr","locations":[{"start":{"line":10,"column":8},"end":{"line":10,"column":14}},{"start":{"line":10,"column":18},"end":{"line":10,"column":25}},{"start":{"line":10,"column":29},"end":{"line":10,"column":35}}],"line":10},"2":{"loc":{"start":{"line":20,"column":13},"end":{"line":20,"column":55}},"type":"binary-expr","locations":[{"start":{"line":20,"column":13},"end":{"line":20,"column":18}},{"start":{"line":20,"column":22},"end":{"line":20,"column":55}}],"line":20}},"s":{"0":1,"1":5,"2":5,"3":5,"4":5,"5":5,"6":1,"7":0,"8":0,"9":1,"10":1,"11":5,"12":1,"13":1,"14":1,"15":0},"f":{"0":5,"1":1,"2":1,"3":1,"4":1,"5":0},"b":{"0":[0,1],"1":[1,1,1],"2":[1,1]},"_coverageSchema":"1a1c01bbd47fc00a2c39e90264f33305004495a9","hash":"0dc1cab32bac48d025b7c9d16ef767d2aa0f52eb"}
,"D:\\Rasmitha\\Microfrontends-crash-course\\music-library-mf-arch\\mf-remote-app\\src\\components\\DeleteSongModal.jsx": {"path":"D:\\Rasmitha\\Microfrontends-crash-course\\music-library-mf-arch\\mf-remote-app\\src\\components\\DeleteSongModal.jsx","statementMap":{"0":{"start":{"line":4,"column":24},"end":{"line":51,"column":1}},"1":{"start":{"line":5,"column":44},"end":{"line":5,"column":56}},"2":{"start":{"line":7,"column":31},"end":{"line":11,"column":3}},"3":{"start":{"line":8,"column":4},"end":{"line":10,"column":6}},"4":{"start":{"line":9,"column":6},"end":{"line":9,"column":70}},"5":{"start":{"line":9,"column":45},"end":{"line":9,"column":53}},"6":{"start":{"line":13,"column":23},"end":{"line":16,"column":3}},"7":{"start":{"line":14,"column":4},"end":{"line":14,"column":33}},"8":{"start":{"line":15,"column":4},"end":{"line":15,"column":14}},"9":{"start":{"line":18,"column":2},"end":{"line":50,"column":4}},"10":{"start":{"line":24,"column":12},"end":{"line":39,"column":18}},"11":{"start":{"line":29,"column":32},"end":{"line":29,"column":61}}},"fnMap":{"0":{"name":"(anonymous_0)","decl":{"start":{"line":4,"column":24},"end":{"line":4,"column":25}},"loc":{"start":{"line":4,"column":63},"end":{"line":51,"column":1}},"line":4},"1":{"name":"(anonymous_1)","decl":{"start":{"line":7,"column":31},"end":{"line":7,"column":32}},"loc":{"start":{"line":7,"column":39},"end":{"line":11,"column":3}},"line":7},"2":{"name":"(anonymous_2)","decl":{"start":{"line":8,"column":21},"end":{"line":8,"column":22}},"loc":{"start":{"line":9,"column":6},"end":{"line":9,"column":70}},"line":9},"3":{"name":"(anonymous_3)","decl":{"start":{"line":9,"column":38},"end":{"line":9,"column":39}},"loc":{"start":{"line":9,"column":45},"end":{"line":9,"column":53}},"line":9},"4":{"name":"(anonymous_4)","decl":{"start":{"line":13,"column":23},"end":{"line":13,"column":24}},"loc":{"start":{"line":13,"column":29},"end":{"line":16,"column":3}},"line":13},"5":{"name":"(anonymous_5)","decl":{"start":{"line":23,"column":21},"end":{"line":23,"column":22}},"loc":{"start":{"line":24,"column":12},"end":{"line":39,"column":18}},"line":24},"6":{"name":"(anonymous_6)","decl":{"start":{"line":29,"column":26},"end":{"line":29,"column":27}},"loc":{"start":{"line":29,"column":32},"end":{"line":29,"column":61}},"line":29}},"branchMap":{"0":{"loc":{"start":{"line":9,"column":6},"end":{"line":9,"column":70}},"type":"cond-expr","locations":[{"start":{"line":9,"column":26},"end":{"line":9,"column":54}},{"start":{"line":9,"column":57},"end":{"line":9,"column":70}}],"line":9}},"s":{"0":1,"1":4,"2":4,"3":2,"4":2,"5":0,"6":4,"7":1,"8":1,"9":4,"10":8,"11":2},"f":{"0":4,"1":2,"2":2,"3":0,"4":1,"5":8,"6":2},"b":{"0":[0,2]},"_coverageSchema":"1a1c01bbd47fc00a2c39e90264f33305004495a9","hash":"586da9417b5f37c8ba11a68bb8248f233410e865"}
,"D:\\Rasmitha\\Microfrontends-crash-course\\music-library-mf-arch\\mf-remote-app\\src\\components\\MusicLibrary.jsx": {"path":"D:\\Rasmitha\\Microfrontends-crash-course\\music-library-mf-arch\\mf-remote-app\\src\\components\\MusicLibrary.jsx","statementMap":{"0":{"start":{"line":13,"column":23},"end":{"line":91,"column":3}},"1":{"start":{"line":14,"column":21},"end":{"line":14,"column":34}},"2":{"start":{"line":15,"column":42},"end":{"line":15,"column":57}},"3":{"start":{"line":16,"column":54},"end":{"line":16,"column":69}},"4":{"start":{"line":18,"column":36},"end":{"line":18,"column":51}},"5":{"start":{"line":19,"column":40},"end":{"line":19,"column":52}},"6":{"start":{"line":20,"column":34},"end":{"line":20,"column":46}},"7":{"start":{"line":21,"column":32},"end":{"line":21,"column":44}},"8":{"start":{"line":23,"column":26},"end":{"line":28,"column":38}},"9":{"start":{"line":24,"column":19},"end":{"line":24,"column":27}},"10":{"start":{"line":25,"column":6},"end":{"line":25,"column":63}},"11":{"start":{"line":25,"column":22},"end":{"line":25,"column":63}},"12":{"start":{"line":26,"column":6},"end":{"line":26,"column":53}},"13":{"start":{"line":26,"column":18},"end":{"line":26,"column":53}},"14":{"start":{"line":27,"column":6},"end":{"line":27,"column":20}},"15":{"start":{"line":30,"column":25},"end":{"line":33,"column":32}},"16":{"start":{"line":31,"column":6},"end":{"line":31,"column":32}},"17":{"start":{"line":31,"column":20},"end":{"line":31,"column":32}},"18":{"start":{"line":32,"column":6},"end":{"line":32,"column":48}},"19":{"start":{"line":35,"column":31},"end":{"line":37,"column":5}},"20":{"start":{"line":36,"column":6},"end":{"line":36,"column":27}},"21":{"start":{"line":39,"column":23},"end":{"line":41,"column":5}},"22":{"start":{"line":40,"column":6},"end":{"line":40,"column":28}},"23":{"start":{"line":43,"column":30},"end":{"line":46,"column":5}},"24":{"start":{"line":44,"column":26},"end":{"line":44,"column":83}},"25":{"start":{"line":44,"column":52},"end":{"line":44,"column":82}},"26":{"start":{"line":45,"column":6},"end":{"line":45,"column":31}},"27":{"start":{"line":48,"column":4},"end":{"line":90,"column":6}},"28":{"start":{"line":59,"column":35},"end":{"line":59,"column":61}},"29":{"start":{"line":73,"column":18},"end":{"line":73,"column":54}},"30":{"start":{"line":74,"column":18},"end":{"line":74,"column":31}},"31":{"start":{"line":86,"column":27},"end":{"line":86,"column":54}}},"fnMap":{"0":{"name":"(anonymous_0)","decl":{"start":{"line":13,"column":23},"end":{"line":13,"column":24}},"loc":{"start":{"line":13,"column":78},"end":{"line":91,"column":3}},"line":13},"1":{"name":"(anonymous_1)","decl":{"start":{"line":23,"column":34},"end":{"line":23,"column":35}},"loc":{"start":{"line":23,"column":40},"end":{"line":28,"column":5}},"line":23},"2":{"name":"(anonymous_2)","decl":{"start":{"line":30,"column":33},"end":{"line":30,"column":34}},"loc":{"start":{"line":30,"column":39},"end":{"line":33,"column":5}},"line":30},"3":{"name":"(anonymous_3)","decl":{"start":{"line":35,"column":31},"end":{"line":35,"column":32}},"loc":{"start":{"line":35,"column":37},"end":{"line":37,"column":5}},"line":35},"4":{"name":"(anonymous_4)","decl":{"start":{"line":39,"column":23},"end":{"line":39,"column":24}},"loc":{"start":{"line":39,"column":29},"end":{"line":41,"column":5}},"line":39},"5":{"name":"(anonymous_5)","decl":{"start":{"line":43,"column":30},"end":{"line":43,"column":31}},"loc":{"start":{"line":43,"column":47},"end":{"line":46,"column":5}},"line":43},"6":{"name":"(anonymous_6)","decl":{"start":{"line":44,"column":42},"end":{"line":44,"column":43}},"loc":{"start":{"line":44,"column":52},"end":{"line":44,"column":82}},"line":44},"7":{"name":"(anonymous_7)","decl":{"start":{"line":59,"column":29},"end":{"line":59,"column":30}},"loc":{"start":{"line":59,"column":35},"end":{"line":59,"column":61}},"line":59},"8":{"name":"(anonymous_8)","decl":{"start":{"line":72,"column":27},"end":{"line":72,"column":28}},"loc":{"start":{"line":72,"column":40},"end":{"line":75,"column":17}},"line":72},"9":{"name":"(anonymous_9)","decl":{"start":{"line":86,"column":21},"end":{"line":86,"column":22}},"loc":{"start":{"line":86,"column":27},"end":{"line":86,"column":54}},"line":86}},"branchMap":{"0":{"loc":{"start":{"line":13,"column":26},"end":{"line":13,"column":64}},"type":"default-arg","locations":[{"start":{"line":13,"column":33},"end":{"line":13,"column":64}}],"line":13},"1":{"loc":{"start":{"line":25,"column":6},"end":{"line":25,"column":63}},"type":"if","locations":[{"start":{"line":25,"column":6},"end":{"line":25,"column":63}},{"start":{},"end":{}}],"line":25},"2":{"loc":{"start":{"line":26,"column":6},"end":{"line":26,"column":53}},"type":"if","locations":[{"start":{"line":26,"column":6},"end":{"line":26,"column":53}},{"start":{},"end":{}}],"line":26},"3":{"loc":{"start":{"line":31,"column":6},"end":{"line":31,"column":32}},"type":"if","locations":[{"start":{"line":31,"column":6},"end":{"line":31,"column":32}},{"start":{},"end":{}}],"line":31},"4":{"loc":{"start":{"line":57,"column":11},"end":{"line":60,"column":16}},"type":"binary-expr","locations":[{"start":{"line":57,"column":11},"end":{"line":57,"column":32}},{"start":{"line":57,"column":36},"end":{"line":60,"column":16}}],"line":57},"5":{"loc":{"start":{"line":64,"column":17},"end":{"line":64,"column":55}},"type":"cond-expr","locations":[{"start":{"line":64,"column":27},"end":{"line":64,"column":39}},{"start":{"line":64,"column":42},"end":{"line":64,"column":55}}],"line":64},"6":{"loc":{"start":{"line":68,"column":9},"end":{"line":80,"column":9}},"type":"binary-expr","locations":[{"start":{"line":68,"column":9},"end":{"line":68,"column":20}},{"start":{"line":69,"column":10},"end":{"line":79,"column":16}}],"line":68},"7":{"loc":{"start":{"line":82,"column":9},"end":{"line":88,"column":9}},"type":"binary-expr","locations":[{"start":{"line":82,"column":9},"end":{"line":82,"column":26}},{"start":{"line":83,"column":10},"end":{"line":87,"column":12}}],"line":82}},"s":{"0":1,"1":30,"2":30,"3":30,"4":30,"5":30,"6":30,"7":30,"8":30,"9":20,"10":20,"11":4,"12":20,"13":0,"14":20,"15":30,"16":24,"17":20,"18":4,"19":30,"20":2,"21":30,"22":2,"23":30,"24":1,"25":2,"26":1,"27":30,"28":2,"29":1,"30":1,"31":2},"f":{"0":30,"1":20,"2":24,"3":2,"4":2,"5":1,"6":2,"7":2,"8":1,"9":2},"b":{"0":[2],"1":[4,16],"2":[0,20],"3":[20,4],"4":[30,27],"5":[4,26],"6":[30,2],"7":[30,2]},"_coverageSchema":"1a1c01bbd47fc00a2c39e90264f33305004495a9","hash":"23a3f226d09351b8f880eb9528f7bbe7e859a202"}
,"D:\\Rasmitha\\Microfrontends-crash-course\\music-library-mf-arch\\mf-remote-app\\src\\components\\SongFilter.jsx": {"path":"D:\\Rasmitha\\Microfrontends-crash-course\\music-library-mf-arch\\mf-remote-app\\src\\components\\SongFilter.jsx","statementMap":{"0":{"start":{"line":3,"column":19},"end":{"line":13,"column":1}},"1":{"start":{"line":4,"column":2},"end":{"line":12,"column":4}},"2":{"start":{"line":9,"column":23},"end":{"line":9,"column":52}}},"fnMap":{"0":{"name":"(anonymous_0)","decl":{"start":{"line":3,"column":19},"end":{"line":3,"column":20}},"loc":{"start":{"line":3,"column":54},"end":{"line":13,"column":1}},"line":3},"1":{"name":"(anonymous_1)","decl":{"start":{"line":9,"column":16},"end":{"line":9,"column":17}},"loc":{"start":{"line":9,"column":23},"end":{"line":9,"column":52}},"line":9}},"branchMap":{},"s":{"0":1,"1":30,"2":4},"f":{"0":30,"1":4},"b":{},"_coverageSchema":"1a1c01bbd47fc00a2c39e90264f33305004495a9","hash":"65f8d948db8afb76bcb456b4fe22a76502f1a99f"}
,"D:\\Rasmitha\\Microfrontends-crash-course\\music-library-mf-arch\\mf-remote-app\\src\\utils\\songUtils.js": {"path":"D:\\Rasmitha\\Microfrontends-crash-course\\music-library-mf-arch\\mf-remote-app\\src\\utils\\songUtils.js","statementMap":{"0":{"start":{"line":3,"column":2},"end":{"line":7,"column":4}},"1":{"start":{"line":4,"column":4},"end":{"line":6,"column":63}},"2":{"start":{"line":11,"column":2},"end":{"line":11,"column":71}},"3":{"start":{"line":11,"column":35},"end":{"line":11,"column":69}},"4":{"start":{"line":15,"column":2},"end":{"line":20,"column":9}},"5":{"start":{"line":16,"column":16},"end":{"line":16,"column":29}},"6":{"start":{"line":17,"column":4},"end":{"line":17,"column":39}},"7":{"start":{"line":17,"column":22},"end":{"line":17,"column":39}},"8":{"start":{"line":18,"column":4},"end":{"line":18,"column":27}},"9":{"start":{"line":19,"column":4},"end":{"line":19,"column":18}}},"fnMap":{"0":{"name":"filterSongs","decl":{"start":{"line":2,"column":16},"end":{"line":2,"column":27}},"loc":{"start":{"line":2,"column":47},"end":{"line":8,"column":1}},"line":2},"1":{"name":"(anonymous_1)","decl":{"start":{"line":3,"column":22},"end":{"line":3,"column":23}},"loc":{"start":{"line":4,"column":4},"end":{"line":6,"column":63}},"line":4},"2":{"name":"sortSongs","decl":{"start":{"line":10,"column":16},"end":{"line":10,"column":25}},"loc":{"start":{"line":10,"column":41},"end":{"line":12,"column":1}},"line":10},"3":{"name":"(anonymous_3)","decl":{"start":{"line":11,"column":25},"end":{"line":11,"column":26}},"loc":{"start":{"line":11,"column":35},"end":{"line":11,"column":69}},"line":11},"4":{"name":"groupSongs","decl":{"start":{"line":14,"column":16},"end":{"line":14,"column":26}},"loc":{"start":{"line":14,"column":43},"end":{"line":21,"column":1}},"line":14},"5":{"name":"(anonymous_5)","decl":{"start":{"line":15,"column":22},"end":{"line":15,"column":23}},"loc":{"start":{"line":15,"column":40},"end":{"line":20,"column":3}},"line":15}},"branchMap":{"0":{"loc":{"start":{"line":4,"column":4},"end":{"line":6,"column":63}},"type":"binary-expr","locations":[{"start":{"line":4,"column":4},"end":{"line":4,"column":63}},{"start":{"line":5,"column":4},"end":{"line":5,"column":64}},{"start":{"line":6,"column":4},"end":{"line":6,"column":63}}],"line":4},"1":{"loc":{"start":{"line":17,"column":4},"end":{"line":17,"column":39}},"type":"if","locations":[{"start":{"line":17,"column":4},"end":{"line":17,"column":39}},{"start":{},"end":{}}],"line":17}},"s":{"0":4,"1":8,"2":0,"3":0,"4":4,"5":8,"6":8,"7":8,"8":8,"9":8},"f":{"0":4,"1":8,"2":0,"3":0,"4":4,"5":8},"b":{"0":[8,5,5],"1":[8,0]},"_coverageSchema":"1a1c01bbd47fc00a2c39e90264f33305004495a9","hash":"4ffaed648eb969609606a712f2bfcb020d611e39"}
}
