TN:
SF:src\components\AddSongForm.jsx
FN:3,(anonymous_0)
FN:9,(anonymous_1)
FN:29,(anonymous_2)
FN:30,(anonymous_3)
FN:31,(anonymous_4)
FN:32,(anonymous_5)
FNF:6
FNH:5
FNDA:5,(anonymous_0)
FNDA:1,(anonymous_1)
FNDA:1,(anonymous_2)
FNDA:1,(anonymous_3)
FNDA:1,(anonymous_4)
FNDA:0,(anonymous_5)
DA:3,1
DA:4,5
DA:5,5
DA:6,5
DA:7,5
DA:9,5
DA:10,1
DA:11,0
DA:12,0
DA:15,1
DA:23,1
DA:26,5
DA:29,1
DA:30,1
DA:31,1
DA:32,0
LF:16
LH:13
BRDA:10,0,0,0
BRDA:10,0,1,1
BRDA:10,1,0,1
BRDA:10,1,1,1
BRDA:10,1,2,1
BRDA:20,2,0,1
BRDA:20,2,1,1
BRF:7
BRH:6
end_of_record
TN:
SF:src\components\DeleteSongModal.jsx
FN:4,(anonymous_0)
FN:7,(anonymous_1)
FN:8,(anonymous_2)
FN:9,(anonymous_3)
FN:13,(anonymous_4)
FN:23,(anonymous_5)
FN:29,(anonymous_6)
FNF:7
FNH:6
FNDA:4,(anonymous_0)
FNDA:2,(anonymous_1)
FNDA:2,(anonymous_2)
FNDA:0,(anonymous_3)
FNDA:1,(anonymous_4)
FNDA:8,(anonymous_5)
FNDA:2,(anonymous_6)
DA:4,1
DA:5,4
DA:7,4
DA:8,2
DA:9,2
DA:13,4
DA:14,1
DA:15,1
DA:18,4
DA:24,8
DA:29,2
LF:11
LH:11
BRDA:9,0,0,0
BRDA:9,0,1,2
BRF:2
BRH:1
end_of_record
TN:
SF:src\components\MusicLibrary.jsx
FN:13,(anonymous_0)
FN:23,(anonymous_1)
FN:30,(anonymous_2)
FN:35,(anonymous_3)
FN:39,(anonymous_4)
FN:43,(anonymous_5)
FN:44,(anonymous_6)
FN:59,(anonymous_7)
FN:72,(anonymous_8)
FN:86,(anonymous_9)
FNF:10
FNH:10
FNDA:30,(anonymous_0)
FNDA:20,(anonymous_1)
FNDA:24,(anonymous_2)
FNDA:2,(anonymous_3)
FNDA:2,(anonymous_4)
FNDA:1,(anonymous_5)
FNDA:2,(anonymous_6)
FNDA:2,(anonymous_7)
FNDA:1,(anonymous_8)
FNDA:2,(anonymous_9)
DA:13,1
DA:14,30
DA:15,30
DA:16,30
DA:18,30
DA:19,30
DA:20,30
DA:21,30
DA:23,30
DA:24,20
DA:25,20
DA:26,20
DA:27,20
DA:30,30
DA:31,24
DA:32,4
DA:35,30
DA:36,2
DA:39,30
DA:40,2
DA:43,30
DA:44,2
DA:45,1
DA:48,30
DA:59,2
DA:73,1
DA:74,1
DA:86,2
LF:28
LH:28
BRDA:13,0,0,2
BRDA:25,1,0,4
BRDA:25,1,1,16
BRDA:26,2,0,0
BRDA:26,2,1,20
BRDA:31,3,0,20
BRDA:31,3,1,4
BRDA:57,4,0,30
BRDA:57,4,1,27
BRDA:64,5,0,4
BRDA:64,5,1,26
BRDA:68,6,0,30
BRDA:68,6,1,2
BRDA:82,7,0,30
BRDA:82,7,1,2
BRF:15
BRH:14
end_of_record
TN:
SF:src\components\SongFilter.jsx
FN:3,(anonymous_0)
FN:9,(anonymous_1)
FNF:2
FNH:2
FNDA:30,(anonymous_0)
FNDA:4,(anonymous_1)
DA:3,1
DA:4,30
DA:9,4
LF:3
LH:3
BRF:0
BRH:0
end_of_record
TN:
SF:src\utils\songUtils.js
FN:2,filterSongs
FN:3,(anonymous_1)
FN:10,sortSongs
FN:11,(anonymous_3)
FN:14,groupSongs
FN:15,(anonymous_5)
FNF:6
FNH:4
FNDA:4,filterSongs
FNDA:8,(anonymous_1)
FNDA:0,sortSongs
FNDA:0,(anonymous_3)
FNDA:4,groupSongs
FNDA:8,(anonymous_5)
DA:3,4
DA:4,8
DA:11,0
DA:15,4
DA:16,8
DA:17,8
DA:18,8
DA:19,8
LF:8
LH:7
BRDA:4,0,0,8
BRDA:4,0,1,5
BRDA:4,0,2,5
BRDA:17,1,0,8
BRDA:17,1,1,0
BRF:5
BRH:4
end_of_record
